<?xml version="1.0" encoding="UTF-8"?>
<!-- Generated by org.testng.reporters.JUnitReportReporter -->
<testsuite skipped="0" hostname="DESKTOP-UNDSGJE" name="day1.GitHubExample" tests="2" failures="0" timestamp="09 Nov 2021 12:06:02 GMT" time="2.804" errors="0">
  <testcase name="addRepository" time="2.128" classname="day1.GitHubExample"/>
  <testcase name="getAllRepo" time="0.676" classname="day1.GitHubExample"/>
</testsuite> <!-- day1.GitHubExample -->
