<?xml version="1.0" encoding="UTF-8"?>
<!-- Generated by org.testng.reporters.JUnitReportReporter -->
<testsuite skipped="2" hostname="DESKTOP-UNDSGJE" name="day1.OpenWeatherAPI" tests="3" failures="0" timestamp="09 Nov 2021 07:23:29 GMT" time="1.644" errors="0">
  <testcase name="getWeatherInfo3" time="1.644" classname="day1.OpenWeatherAPI"/>
  <testcase name="getWeatherInfo" classname="day1.OpenWeatherAPI">
    <skipped/>
  </testcase> <!-- getWeatherInfo -->
  <testcase name="getWeatherInfo2" classname="day1.OpenWeatherAPI">
    <skipped/>
  </testcase> <!-- getWeatherInfo2 -->
</testsuite> <!-- day1.OpenWeatherAPI -->
