<?xml version="1.0" encoding="UTF-8"?>
<!-- Generated by org.testng.reporters.JUnitReportReporter -->
<testsuite skipped="1" hostname="DESKTOP-UNDSGJE" name="day1.PositiveTest" tests="5" failures="0" timestamp="09 Nov 2021 10:46:17 GMT" time="4.659" errors="0">
  <testcase name="getContact" time="0.517" classname="day1.PositiveTest"/>
  <testcase name="updateContact" time="0.508" classname="day1.PositiveTest"/>
  <testcase name="deleteContact" time="0.528" classname="day1.PositiveTest"/>
  <testcase name="addContact" time="3.106" classname="day1.PositiveTest"/>
  <testcase name="getAllContactList" classname="day1.PositiveTest">
    <skipped/>
  </testcase> <!-- getAllContactList -->
</testsuite> <!-- day1.PositiveTest -->
